<?xml version="1.0" encoding="UTF-8"?>
<testsuite xmlns:xsi="http://www.w3.org/2001/XMLSchema-instance" xsi:noNamespaceSchemaLocation="https://maven.apache.org/surefire/maven-surefire-plugin/xsd/surefire-test-report-3.0.xsd" version="3.0" name="CalcTaxTest" time="0.109" tests="42" errors="0" skipped="0" failures="0">
  <properties>
[...]
</properties>
  <testcase name="Test3ForRange4LocalEmployee" classname="CalcTaxTest" time="0.024"/>
  <testcase name="Test1Partition4ForLocalEmployee" classname="CalcTaxTest" time="0"/>
  <testcase name="Test2ForRange5InternationalEmployee" classname="CalcTaxTest" time="0"/>
  <testcase name="Test3ForRange3InternationalEmployee" classname="CalcTaxTest" time="0"/>
  <testcase name="Test1Partition1ForLocalEmployee" classname="CalcTaxTest" time="0"/>
  <testcase name="Test3ForRange3LocalEmployee" classname="CalcTaxTest" time="0"/>
  <testcase name="Test4Range1ForLocalEmployee" classname="CalcTaxTest" time="0"/>
  <testcase name="Test3ForRange2LocalEmployee" classname="CalcTaxTest" time="0.007"/>
  <testcase name="Test1Range1ForLocalEmployee" classname="CalcTaxTest" time="0"/>
  <testcase name="Test1Partition1ForInternationalEmployee" classname="CalcTaxTest" time="0"/>
  <testcase name="Test1ForRange5LocalEmployee" classname="CalcTaxTest" time="0"/>
  <testcase name="Test1Partition3ForInternationalEmployee" classname="CalcTaxTest" time="0.003"/>
  <testcase name="Test1Partition5ForLocalEmployee" classname="CalcTaxTest" time="0"/>
  <testcase name="Test1Partition5ForInternationalEmployee" classname="CalcTaxTest" time="0"/>
  <testcase name="Test1ForRange2InternationalEmployee" classname="CalcTaxTest" time="0"/>
  <testcase name="Test1Partition2ForLocalEmployee" classname="CalcTaxTest" time="0"/>
  <testcase name="Test1ForRange4LocalEmployee" classname="CalcTaxTest" time="0.015"/>
  <testcase name="Test1ForRange4InternationalEmployee" classname="CalcTaxTest" time="0"/>
  <testcase name="Test2ForRange2InternationalEmployee" classname="CalcTaxTest" time="0"/>
  <testcase name="Test2ForRange4InternationalEmployee" classname="CalcTaxTest" time="0"/>
  <testcase name="Test3ForRange2InternationalEmployee" classname="CalcTaxTest" time="0"/>
  <testcase name="Test1ForRange3LocalEmployee" classname="CalcTaxTest" time="0"/>
  <testcase name="Test2Range1ForLocalEmployee" classname="CalcTaxTest" time="0"/>
  <testcase name="Test3ForRange4InternationalEmployee" classname="CalcTaxTest" time="0"/>
  <testcase name="Test2ForRange5LocalEmployee" classname="CalcTaxTest" time="0"/>
  <testcase name="Test1ForRange2LocalEmployee" classname="CalcTaxTest" time="0"/>
  <testcase name="Test1Partition6ForLocalEmployee" classname="CalcTaxTest" time="0"/>
  <testcase name="Test1Range1ForInternationalEmployee" classname="CalcTaxTest" time="0"/>
  <testcase name="Test2ForRange4LocalEmployee" classname="CalcTaxTest" time="0.016"/>
  <testcase name="Test1Partition3ForLocalEmployee" classname="CalcTaxTest" time="0"/>
  <testcase name="Test2Range1ForInternationalEmployee" classname="CalcTaxTest" time="0"/>
  <testcase name="Test1Partition2ForInternationalEmployee" classname="CalcTaxTest" time="0"/>
  <testcase name="Test3Range1ForInternationalEmployee" classname="CalcTaxTest" time="0"/>
  <testcase name="Test1Partition4ForInternationalEmployee" classname="CalcTaxTest" time="0"/>
  <testcase name="Test2ForRange3LocalEmployee" classname="CalcTaxTest" time="0"/>
  <testcase name="Test3Range1ForLocalEmployee" classname="CalcTaxTest" time="0"/>
  <testcase name="Test1Partition6ForInternationalEmployee" classname="CalcTaxTest" time="0"/>
  <testcase name="Test1ForRange3InternationalEmployee" classname="CalcTaxTest" time="0"/>
  <testcase name="Test4Range1ForInternationalEmployee" classname="CalcTaxTest" time="0"/>
  <testcase name="Test2ForRange2LocalEmployee" classname="CalcTaxTest" time="0"/>
  <testcase name="Test1ForRange5InternationalEmployee" classname="CalcTaxTest" time="0"/>
  <testcase name="Test2ForRange3InternationalEmployee" classname="CalcTaxTest" time="0"/>
</testsuite>